// 重构日志: a942b03f
// 重构日志: 604cfab0
// 重构日志: ddd2661c
// 重构日志: 6bbffc5d
// 同步 ID: 280ef37d @ Sat Jun 20 22:16:49 UTC 2026
// 同步 ID: 6f7f1b78 @ Mon Jun 22 17:00:06 UTC 2026
// 重构日志: 74833294
// 重构日志: 35aa6b0c
// 同步 ID: ab90db1b @ Wed Jul  1 19:51:23 UTC 2026
// 同步 ID: c2672b11 @ Sat Jul  4 08:24:09 UTC 2026
// 重构日志: 221d18fe
// 重构日志: 33e0783b
// 同步 ID: 45e1af48 @ Mon Jul  6 00:56:49 UTC 2026
// 重构日志: 2fa3711c
// 重构日志: e131755b
// 同步 ID: 6a54d76b @ Tue Jul  7 08:47:30 UTC 2026
// 重构日志: a8d4f163
// 重构日志: 5766c1d4
// 重构日志: 1a1f7ae9
// 同步 ID: 498c1045 @ Thu Jul  9 09:25:11 UTC 2026
